**********************
* MERGE PROGRESS LOG *
**********************
[14:52:46] [INFO]: starting DeltaProject merge for: C:\Users\LIESA\Documents\Automation\OPC_UA_BG\SCADA_Unified\IM\HMI\I\2\Context.wrk\deltas\271
[14:52:46] [WARNING]: Open optional file failed: C:\Users\LIESA\Documents\Automation\OPC_UA_BG\SCADA_Unified\IM\HMI\I\2\Context.wrk\deltas\270\runtime.rdf
[14:52:46] [WARNING]: Open optional file failed: C:\Users\LIESA\Documents\Automation\OPC_UA_BG\SCADA_Unified\IM\HMI\I\2\Context.wrk\deltas\270\persistent.rdf
[14:52:46] [WARNING]: Open optional file failed: C:\Users\LIESA\Documents\Automation\OPC_UA_BG\SCADA_Unified\IM\HMI\I\2\Context.wrk\deltas\271\runtime.rdf
[14:52:46] [WARNING]: Open optional file failed: C:\Users\LIESA\Documents\Automation\OPC_UA_BG\SCADA_Unified\IM\HMI\I\2\Context.wrk\deltas\271\persistent.rdf
[14:52:46] [WARNING]: Attempt number: 1. Trying opening file : C:\Users\LIESA\Documents\Automation\OPC_UA_BG\SCADA_Unified\IM\HMI\I\2\Context.wrk\deltas\271.0\deltaMain.rdf failed! Reason: No such RDF file! The specified RDF file does not exist or cannot be found. 
[14:52:46] [WARNING]: Attempt number: 2. Trying opening file : C:\Users\LIESA\Documents\Automation\OPC_UA_BG\SCADA_Unified\IM\HMI\I\2\Context.wrk\deltas\271.0\deltaMain.rdf failed! Reason: No such RDF file! The specified RDF file does not exist or cannot be found. 
[14:52:46] [ERROR]: Attempt number: 3. Opening the file failed 3 times. Reason: No such RDF file! The specified RDF file does not exist or cannot be found.  Giving up retrying...
[14:52:46] [INFO]: Starting Job number 1: COPY RESOURCE JOB
[14:52:46] [INFO]: The job was executed succesfully.
[14:52:46] [INFO]: Starting Job number 2: COPY RESOURCE JOB
[14:52:46] [INFO]: The job was executed succesfully.
[14:52:46] [INFO]: Starting Job number 3: COPY RESOURCE JOB
[14:52:46] [INFO]: The job was executed succesfully.
[14:52:46] [INFO]: Starting Job number 4: MERGE DELTA JOB
[14:52:46] [INFO]: The job was executed succesfully.
[14:52:46] [INFO]: Starting Job number 5: MERGE DELTA JOB
[14:52:46] [INFO]: The job was executed succesfully.
[14:52:46] [INFO]: Starting Job number 6: JOIN JOB
[14:52:46] [INFO]: The job was executed succesfully.
[14:52:46] [INFO]: Starting Job number 7: DELETE JOB
[14:52:46] [INFO]: The job was executed succesfully.
[14:52:46] [INFO]: Starting Job number 8: DELETE JOB
[14:52:46] [INFO]: The job was executed succesfully.
[14:52:46] [INFO]: Starting Job number 9: MERGE DELTA JOB
[14:52:46] [INFO]: The job was executed succesfully.
[14:52:46] [INFO]: Starting Job number 10: MERGE DELTA JOB
[14:52:46] [INFO]: The job was executed succesfully.
[14:52:46] [INFO]: Starting Job number 11: JOIN JOB
[14:52:46] [INFO]: The job was executed succesfully.
[14:52:46] [INFO]: Starting Job number 12: DELETE JOB
[14:52:46] [INFO]: The job was executed succesfully.
[14:52:46] [INFO]: Starting Job number 13: DELETE JOB
[14:52:46] [INFO]: The job was executed succesfully.
[14:52:46] [INFO]: Starting Job number 14: MERGE DELTA JOB
[14:52:46] [INFO]: The job was executed succesfully.
[14:52:46] [INFO]: Starting Job number 15: JOIN JOB
[14:52:46] [INFO]: The job was executed succesfully.
[14:52:46] [INFO]: Starting Job number 16: DELETE JOB
[14:52:46] [INFO]: The job was executed succesfully.
[14:52:46] [INFO]: Starting Job number 17: MERGE DELTA JOB
[14:52:46] [INFO]: The job was executed succesfully.
[14:52:46] [INFO]: Starting Job number 18: JOIN JOB
[14:52:46] [INFO]: The job was executed succesfully.
[14:52:46] [INFO]: Starting Job number 19: DELETE JOB
[14:52:46] [INFO]: The job was executed succesfully.
[14:52:46] [INFO]: Starting Job number 20: MERGE DELTA JOB
[14:52:46] [INFO]: The job was executed succesfully.
[14:52:46] [INFO]: Starting Job number 21: JOIN JOB
[14:52:46] [INFO]: The job was executed succesfully.
[14:52:46] [INFO]: Starting Job number 22: DELETE JOB
[14:52:46] [INFO]: The job was executed succesfully.
[14:52:46] [INFO]: Starting Job number 23: MERGE DELTA JOB
[14:52:46] [INFO]: The job was executed succesfully.
[14:52:46] [INFO]: Starting Job number 24: JOIN JOB
[14:52:46] [INFO]: The job was executed succesfully.
[14:52:46] [INFO]: Starting Job number 25: DELETE JOB
[14:52:46] [INFO]: The job was executed succesfully.
[14:52:46] [INFO]: Starting Job number 26: MERGE DELTA JOB
[14:52:46] [INFO]: The job was executed succesfully.
[14:52:46] [INFO]: Starting Job number 27: JOIN JOB
[14:52:46] [INFO]: The job was executed succesfully.
[14:52:46] [INFO]: Starting Job number 28: DELETE JOB
[14:52:46] [INFO]: The job was executed succesfully.
[14:52:46] [INFO]: Starting Job number 29: MERGE ADD JOB
[14:52:46] [INFO]: The job was executed succesfully.
[14:52:46] [INFO]: Starting Job number 30: MERGE ADD JOB
[14:52:46] [INFO]: The job was executed succesfully.
[14:52:46] [INFO]: Starting Job number 31: MERGE ADD JOB
[14:52:46] [INFO]: The job was executed succesfully.
[14:52:46] [INFO]: Starting Job number 32: MERGE ADD JOB
[14:52:46] [INFO]: The job was executed succesfully.
[14:52:46] [INFO]: Starting Job number 33: MERGE ADD JOB
[14:52:46] [INFO]: The job was executed succesfully.
[14:52:46] [INFO]: Starting Job number 34: MERGE DELTA JOB
[14:52:46] [INFO]: The job was executed succesfully.
[14:52:46] [INFO]: Starting Job number 35: MERGE DELTA JOB
[14:52:46] [INFO]: The job was executed succesfully.
[14:52:46] [INFO]: Starting Job number 36: MERGE DELTA JOB
[14:52:46] [INFO]: The job was executed succesfully.
[14:52:46] [INFO]: Starting Job number 37: MERGE DELTA JOB
[14:52:46] [INFO]: The job was executed succesfully.
[14:52:46] [INFO]: Starting Job number 38: JOIN JOB
[14:52:46] [INFO]: The job was executed succesfully.
[14:52:46] [INFO]: Starting Job number 39: DELETE JOB
[14:52:46] [INFO]: The job was executed succesfully.
[14:52:46] [INFO]: Starting Job number 40: DELETE JOB
[14:52:46] [INFO]: The job was executed succesfully.
[14:52:46] [INFO]: Starting Job number 41: DELETE JOB
[14:52:46] [INFO]: The job was executed succesfully.
[14:52:46] [INFO]: Starting Job number 42: DELETE JOB
[14:52:46] [INFO]: The job was executed succesfully.
[14:52:46] [INFO]: Starting Job number 43: DELETE JOB
[14:52:46] [INFO]: The job was executed succesfully.
[14:52:46] [INFO]: DONE! Rdf delta project merge succeed!
