**********************
* MERGE PROGRESS LOG *
**********************
[10:53:25] [INFO]: Starting merge for Project: C:\Users\LIESA\Documents\Automation\OPC_UA_BG\SCADA_Unified\IM\HMI\I\2\Context.wrk
[10:53:25] [INFO]: Setting up Full Project Merge...
[10:53:25] [WARNING]: Open optional file failed: C:\Users\LIESA\Documents\Automation\OPC_UA_BG\SCADA_Unified\IM\HMI\I\2\Context.wrk\system\runtime.rdf
[10:53:25] [WARNING]: Open optional file failed: C:\Users\LIESA\Documents\Automation\OPC_UA_BG\SCADA_Unified\IM\HMI\I\2\Context.wrk\system\persistent.rdf
[10:53:25] [WARNING]: Open optional file failed: C:\Users\LIESA\Documents\Automation\OPC_UA_BG\SCADA_Unified\IM\HMI\I\2\Context.wrk\deltas\282\runtime.rdf
[10:53:25] [WARNING]: Open optional file failed: C:\Users\LIESA\Documents\Automation\OPC_UA_BG\SCADA_Unified\IM\HMI\I\2\Context.wrk\deltas\282\persistent.rdf
[10:53:25] [INFO]: Number of Jobs to execute: 66
[10:53:25] [INFO]: Starting Job number 1: MOVE RESOURCES JOB
[10:53:25] [INFO]: The job was executed succesfully.
[10:53:25] [INFO]: Starting Job number 2: MOVE RESOURCES JOB
[10:53:25] [INFO]: The job was executed succesfully.
[10:53:25] [INFO]: Starting Job number 3: MERGE JOB
[10:53:25] [INFO]: The job was executed succesfully.
[10:53:25] [INFO]: Starting Job number 4: MERGE JOB
[10:53:25] [INFO]: The job was executed succesfully.
[10:53:25] [INFO]: Starting Job number 5: MERGE JOB
[10:53:25] [INFO]: The job was executed succesfully.
[10:53:25] [INFO]: Starting Job number 6: JOIN JOB
[10:53:25] [INFO]: The job was executed succesfully.
[10:53:25] [INFO]: Starting Job number 7: MERGE JOB
[10:53:25] [INFO]: The job was executed succesfully.
[10:53:25] [INFO]: Starting Job number 8: JOIN JOB
[10:53:25] [INFO]: The job was executed succesfully.
[10:53:25] [INFO]: Starting Job number 9: MERGE JOB
[10:53:25] [INFO]: The job was executed succesfully.
[10:53:25] [INFO]: Starting Job number 10: JOIN JOB
[10:53:25] [INFO]: The job was executed succesfully.
[10:53:25] [INFO]: Starting Job number 11: MERGE JOB
[10:53:25] [INFO]: The job was executed succesfully.
[10:53:25] [INFO]: Starting Job number 12: JOIN JOB
[10:53:26] [INFO]: The job was executed succesfully.
[10:53:26] [INFO]: Starting Job number 13: MERGE JOB
[10:53:26] [INFO]: The job was executed succesfully.
[10:53:26] [INFO]: Starting Job number 14: JOIN JOB
[10:53:26] [INFO]: The job was executed succesfully.
[10:53:26] [INFO]: Starting Job number 15: MERGE JOB
[10:53:26] [INFO]: The job was executed succesfully.
[10:53:26] [INFO]: Starting Job number 16: MERGE JOB
[10:53:26] [INFO]: The job was executed succesfully.
[10:53:26] [INFO]: Starting Job number 17: JOIN JOB
[10:53:26] [INFO]: The job was executed succesfully.
[10:53:26] [INFO]: Starting Job number 18: MERGE JOB
[10:53:26] [INFO]: The job was executed succesfully.
[10:53:26] [INFO]: Starting Job number 19: MERGE JOB
[10:53:26] [INFO]: The job was executed succesfully.
[10:53:26] [INFO]: Starting Job number 20: JOIN JOB
[10:53:26] [INFO]: The job was executed succesfully.
[10:53:26] [INFO]: Starting Job number 21: MERGE JOB
[10:53:26] [INFO]: The job was executed succesfully.
[10:53:26] [INFO]: Starting Job number 22: MERGE JOB
[10:53:26] [INFO]: The job was executed succesfully.
[10:53:26] [INFO]: Starting Job number 23: JOIN JOB
[10:53:26] [INFO]: The job was executed succesfully.
[10:53:26] [INFO]: Starting Job number 24: MERGE JOB
[10:53:26] [INFO]: The job was executed succesfully.
[10:53:26] [INFO]: Starting Job number 25: MERGE JOB
[10:53:26] [INFO]: The job was executed succesfully.
[10:53:26] [INFO]: Starting Job number 26: JOIN JOB
[10:53:27] [INFO]: The job was executed succesfully.
[10:53:27] [INFO]: Starting Job number 27: MERGE JOB
[10:53:27] [INFO]: The job was executed succesfully.
[10:53:27] [INFO]: Starting Job number 28: JOIN JOB
[10:53:27] [INFO]: The job was executed succesfully.
[10:53:27] [INFO]: Starting Job number 29: MERGE JOB
[10:53:27] [INFO]: The job was executed succesfully.
[10:53:27] [INFO]: Starting Job number 30: MERGE JOB
[10:53:27] [INFO]: The job was executed succesfully.
[10:53:27] [INFO]: Starting Job number 31: JOIN JOB
[10:53:27] [INFO]: The job was executed succesfully.
[10:53:27] [INFO]: Starting Job number 32: MERGE ADD JOB
[10:53:27] [INFO]: The job was executed succesfully.
[10:53:27] [INFO]: Starting Job number 33: MERGE JOB
[10:53:27] [INFO]: The job was executed succesfully.
[10:53:27] [INFO]: Starting Job number 34: JOIN JOB
[10:53:27] [INFO]: The job was executed succesfully.
[10:53:27] [INFO]: Starting Job number 35: FINALIZE JOB
[10:53:27] [INFO]: The job was executed succesfully.
[10:53:27] [INFO]: Starting Job number 36: DELETE JOB
[10:53:27] [INFO]: The job was executed succesfully.
[10:53:27] [INFO]: Starting Job number 37: DELETE JOB
[10:53:27] [INFO]: The job was executed succesfully.
[10:53:27] [INFO]: Starting Job number 38: FINALIZE JOB
[10:53:27] [INFO]: The job was executed succesfully.
[10:53:27] [INFO]: Starting Job number 39: DELETE JOB
[10:53:27] [INFO]: The job was executed succesfully.
[10:53:27] [INFO]: Starting Job number 40: DELETE JOB
[10:53:27] [INFO]: The job was executed succesfully.
[10:53:27] [INFO]: Starting Job number 41: FINALIZE JOB
[10:53:27] [INFO]: The job was executed succesfully.
[10:53:27] [INFO]: Starting Job number 42: FINALIZE JOB
[10:53:27] [INFO]: The job was executed succesfully.
[10:53:27] [INFO]: Starting Job number 43: DELETE JOB
[10:53:27] [INFO]: The job was executed succesfully.
[10:53:27] [INFO]: Starting Job number 44: DELETE JOB
[10:53:27] [INFO]: The job was executed succesfully.
[10:53:27] [INFO]: Starting Job number 45: DELETE JOB
[10:53:27] [INFO]: The job was executed succesfully.
[10:53:27] [INFO]: Starting Job number 46: FINALIZE JOB
[10:53:27] [INFO]: The job was executed succesfully.
[10:53:27] [INFO]: Starting Job number 47: DELETE JOB
[10:53:27] [INFO]: The job was executed succesfully.
[10:53:27] [INFO]: Starting Job number 48: DELETE JOB
[10:53:27] [INFO]: The job was executed succesfully.
[10:53:27] [INFO]: Starting Job number 49: FINALIZE JOB
[10:53:27] [INFO]: The job was executed succesfully.
[10:53:27] [INFO]: Starting Job number 50: DELETE JOB
[10:53:27] [INFO]: The job was executed succesfully.
[10:53:27] [INFO]: Starting Job number 51: DELETE JOB
[10:53:27] [INFO]: The job was executed succesfully.
[10:53:27] [INFO]: Starting Job number 52: FINALIZE JOB
[10:53:27] [INFO]: The job was executed succesfully.
[10:53:27] [INFO]: Starting Job number 53: DELETE JOB
[10:53:27] [INFO]: The job was executed succesfully.
[10:53:27] [INFO]: Starting Job number 54: DELETE JOB
[10:53:27] [INFO]: The job was executed succesfully.
[10:53:27] [INFO]: Starting Job number 55: FINALIZE JOB
[10:53:27] [INFO]: The job was executed succesfully.
[10:53:27] [INFO]: Starting Job number 56: DELETE JOB
[10:53:27] [INFO]: The job was executed succesfully.
[10:53:27] [INFO]: Starting Job number 57: DELETE JOB
[10:53:27] [INFO]: The job was executed succesfully.
[10:53:27] [INFO]: Starting Job number 58: DELETE JOB
[10:53:27] [INFO]: The job was executed succesfully.
[10:53:27] [INFO]: Starting Job number 59: FINALIZE JOB
[10:53:27] [INFO]: The job was executed succesfully.
[10:53:27] [INFO]: Starting Job number 60: DELETE JOB
[10:53:27] [INFO]: The job was executed succesfully.
[10:53:27] [INFO]: Starting Job number 61: FINALIZE JOB
[10:53:27] [INFO]: The job was executed succesfully.
[10:53:27] [INFO]: Starting Job number 62: DELETE JOB
[10:53:27] [INFO]: The job was executed succesfully.
[10:53:27] [INFO]: Starting Job number 63: FINALIZE JOB
[10:53:27] [INFO]: The job was executed succesfully.
[10:53:27] [INFO]: Starting Job number 64: DELETE JOB
[10:53:27] [INFO]: The job was executed succesfully.
[10:53:27] [INFO]: Starting Job number 65: FINALIZE JOB
[10:53:27] [INFO]: The job was executed succesfully.
[10:53:27] [INFO]: Starting Job number 66: DELETE JOB
[10:53:27] [INFO]: The job was executed succesfully.
[10:53:27] [INFO]: DONE! Merge succeeded
